Rebuild target 'Target 1'
compiling lv_port_disp.c...
examples\porting\lv_port_disp.c(63): warning:  #223-D: function "lcd_init" declared implicitly
      lcd_init();
examples\porting\lv_port_disp.c(129): warning:  #223-D: function "lcd_draw_point" declared implicitly
                  lcd_draw_point(phys_x, phys_y, *color_p);
examples\porting\lv_port_disp.c(30): warning:  #177-D: function "disp_init" was declared but never referenced
  static void disp_init(void);
examples\porting\lv_port_disp.c: 3 warnings, 0 errors
compiling lv_port_indev.c...
examples\porting\lv_port_indev.c(469): error:  #20: identifier "task" is undefined
  task rfid_reader_task;
examples\porting\lv_port_indev.c(474): error:  #20: identifier "TagType" is undefined
        status = MFRC522_Request(0x52, TagType);//check if card on scanner
examples\porting\lv_port_indev.c(480): error:  #20: identifier "NORMAL" is undefined
                if(rfid_reader_task==NORMAL)
examples\porting\lv_port_indev.c(491): error:  #20: identifier "REGISTRATION" is undefined
                else if(rfid_reader_task==REGISTRATION)
examples\porting\lv_port_indev.c(493): error:  #29: expected an expression
                        card_writebuf={1,0,0,0,0,0,0,0,0,0,0,0,0,0,0,0}//assign id:1, balance:0
examples\porting\lv_port_indev.c(493): error:  #137: expression must be a modifiable lvalue
                        card_writebuf={1,0,0,0,0,0,0,0,0,0,0,0,0,0,0,0}//assign id:1, balance:0
examples\porting\lv_port_indev.c(495): error:  #29: expected an expression
                        card_writebuf={0,0,0,0,0,0,0,0,0,0,0,0,0,0,0,0}//assign balance:0, just for cleaning up block 2 in case random data
examples\porting\lv_port_indev.c(495): error:  #137: expression must be a modifiable lvalue
                        card_writebuf={0,0,0,0,0,0,0,0,0,0,0,0,0,0,0,0}//assign balance:0, just for cleaning up block 2 in case random data
examples\porting\lv_port_indev.c(499): error:  #20: identifier "TOPPING_UP" is undefined
                else if(rfid_reader_task>=TOPPING_UP)//if larger/eql 1, treat as top up value
examples\porting\lv_port_indev.c(511): warning:  #223-D: function "memset" declared implicitly
                        memset(card_writebuf, 0, sizeof(card_writebuf));//clean up buffer
examples\porting\lv_port_indev.c(519): error:  #29: expected an expression
                        card_writebuf={0,0,0,0,0,0,0,0,0,0,0,0,0,0,0,0}//assign balance:0, just for cleaning up block 2 in case random data
examples\porting\lv_port_indev.c(519): error:  #137: expression must be a modifiable lvalue
                        card_writebuf={0,0,0,0,0,0,0,0,0,0,0,0,0,0,0,0}//assign balance:0, just for cleaning up block 2 in case random data
examples\porting\lv_port_indev.c(473): warning:  #550-D: variable "card_size" was set but never used
      u8 status, card_size;
examples\porting\lv_port_indev.c(272): warning:  #177-D: function "mouse_init" was declared but never referenced
  static void mouse_init(void)
examples\porting\lv_port_indev.c(278): warning:  #177-D: function "mouse_read" was declared but never referenced
  static void mouse_read(lv_indev_t * indev_drv, lv_indev_data_t * data)
examples\porting\lv_port_indev.c(314): warning:  #177-D: function "keypad_init" was declared but never referenced
  static void keypad_init(void)
examples\porting\lv_port_indev.c(320): warning:  #177-D: function "keypad_read" was declared but never referenced
  static void keypad_read(lv_indev_t * indev_drv, lv_indev_data_t * data)
examples\porting\lv_port_indev.c(373): warning:  #177-D: function "encoder_init" was declared but never referenced
  static void encoder_init(void)
examples\porting\lv_port_indev.c(379): warning:  #177-D: function "encoder_read" was declared but never referenced
  static void encoder_read(lv_indev_t * indev_drv, lv_indev_data_t * data)
examples\porting\lv_port_indev.c(387): warning:  #177-D: function "encoder_handler" was declared but never referenced
  static void encoder_handler(void)
examples\porting\lv_port_indev.c(462): error:  #235: variable "card_pydebuf" was declared with a never-completed type
  u8  card_pydebuf[2];
examples\porting\lv_port_indev.c: 9 warnings, 12 errors
compiling tft.c...
hardware\lcd\tft.c(817): warning:  #223-D: function "printf" declared implicitly
        printf(" LCD ID:%x\r\n", lcddev.id); //打印LCD ID
hardware\lcd\tft.c: 1 warning, 0 errors
compiling tft_small.c...
hardware\lcd_small\tft_small.c(112): warning:  #767-D: conversion from pointer to smaller integer
        char ch = (uint8_t)(ch_ptr)-'0';//得到偏移后的值
hardware\lcd_small\tft_small.c(262): warning:  #174-D: expression has no effect
      LCD_BLK_1;     // 拉高背光，点亮屏幕
hardware\lcd_small\tft_small.c(266): warning:  #223-D: function "delay_ms" declared implicitly
      delay_ms(100);
hardware\lcd_small\tft_small.c(270): warning:  #174-D: expression has no effect
        LCD_BLK_1;
hardware\lcd_small\tft_small.c: 4 warnings, 0 errors
compiling button.c...
compiling led.c...
compiling sys.c...
compiling usart.c...
compiling tim.c...
compiling delay.c...
compiling oled.c...
hardware\oled_small\oled.h(68): warning:  #1295-D: Deprecated declaration Picture - give arg types
  void Picture();
hardware\oled_small\oled.h(69): warning:  #1295-D: Deprecated declaration IIC_Start - give arg types
  void IIC_Start();
hardware\oled_small\oled.h(70): warning:  #1295-D: Deprecated declaration IIC_Stop - give arg types
  void IIC_Stop();
hardware\oled_small\oled.h(75): warning:  #1295-D: Deprecated declaration IIC_Wait_Ack - give arg types
  void IIC_Wait_Ack();
hardware\oled_small\oled.h(77): warning:  #1-D: last line of file ends without a newline
         
hardware\oled_small\oled.c: 5 warnings, 0 errors
compiling i2c.c...
hardware\system\i2c\i2c.c(269): warning:  #68-D: integer conversion resulted in a change of sign
                return -1;
hardware\system\i2c\i2c.c(278): warning:  #68-D: integer conversion resulted in a change of sign
          return -1;
hardware\system\i2c\i2c.c(291): warning:  #68-D: integer conversion resulted in a change of sign
          return -1;
hardware\system\i2c\i2c.c: 3 warnings, 0 errors
compiling tft_touch.c...
compiling MFRC522.c...
compiling main.c...
.\hardware\oled_small/oled.h(68): warning:  #1295-D: Deprecated declaration Picture - give arg types
  void Picture();
.\hardware\oled_small/oled.h(69): warning:  #1295-D: Deprecated declaration IIC_Start - give arg types
  void IIC_Start();
.\hardware\oled_small/oled.h(70): warning:  #1295-D: Deprecated declaration IIC_Stop - give arg types
  void IIC_Stop();
.\hardware\oled_small/oled.h(75): warning:  #1295-D: Deprecated declaration IIC_Wait_Ack - give arg types
  void IIC_Wait_Ack();
.\hardware\oled_small/oled.h(77): warning:  #1-D: last line of file ends without a newline
         
ui/ui_register.h(8): warning:  #1-D: last line of file ends without a newline
  #endif
ui/ui_add_value.h(8): warning:  #1-D: last line of file ends without a newline
  #endif
main.c(22): warning:  #1295-D: Deprecated declaration display_sub_init - give arg types
  void display_sub_init();
main.c(42): warning:  #223-D: function "lv_port_indev_init" declared implicitly
        lv_port_indev_init(disp_main, disp_1);
main.c(144): warning:  #177-D: variable "i" was declared but never referenced
        int i=0;
main.c(241): error:  #20: identifier "rfid_reader_task" is undefined
                rfid_reader_task=REGISTRATION;
main.c(248): error:  #20: identifier "rfid_reader_task" is undefined
                rfid_reader_task=cur_task;//cur task contain add vlaue amount, just send it to indev
main.c(250): warning:  #1-D: last line of file ends without a newline
  }
main.c: 11 warnings, 2 errors
compiling lv_init.c...
compiling lv_group.c...
compiling lv_obj.c...
compiling lv_obj_class.c...
compiling lv_obj_draw.c...
compiling lv_obj_event.c...
compiling lv_obj_id_builtin.c...
compiling lv_obj_pos.c...
compiling lv_obj_property.c...
compiling lv_obj_scroll.c...
compiling lv_obj_style.c...
src\core\lv_obj_style.c(826): warning:  #191-D: type qualifier is meaningless on cast type
      const bool skip_trans = (const bool) obj->skip_trans;
src\core\lv_obj_style.c: 1 warning, 0 errors
compiling lv_obj_style_gen.c...
compiling lv_obj_tree.c...
src\core\lv_obj_tree.c(597): warning:  #111-D: statement is unreachable
      return -1;
src\core\lv_obj_tree.c: 1 warning, 0 errors
compiling lv_observer.c...
compiling lv_refr.c...
compiling lv_monkey.c...
compiling lv_sysmon.c...
compiling lv_test_display.c...
compiling lv_test_fs.c...
compiling lv_test_helpers.c...
compiling lv_test_indev.c...
compiling lv_test_indev_gesture.c...
compiling lv_test_screenshot_compare.c...
compiling vg_lite_matrix.c...
compiling lv_display.c...
compiling lv_draw.c...
src\draw\lv_draw.c(757): warning:  #111-D: statement is unreachable
          t = t->next;
src\draw\lv_draw.c: 1 warning, 0 errors
compiling lv_draw_3d.c...
compiling lv_draw_arc.c...
compiling lv_draw_blur.c...
compiling lv_draw_buf.c...
src\draw\lv_draw_buf.c(594): warning:  #111-D: statement is unreachable
          return;
src\draw\lv_draw_buf.c: 1 warning, 0 errors
compiling lv_draw_image.c...
compiling lv_draw_label.c...
compiling lv_draw_line.c...
compiling lv_draw_mask.c...
compiling lv_draw_rect.c...
compiling lv_draw_triangle.c...
compiling lv_draw_vector.c...
compiling lv_image_decoder.c...
compiling lv_draw_buf_convert.c...
compiling lv_draw_buf_convert_helium.c...
compiling lv_draw_buf_convert_neon.c...
compiling lv_draw_dma2d.c...
compiling lv_draw_dma2d_fill.c...
compiling lv_draw_dma2d_img.c...
compiling lv_draw_ppa.c...
compiling lv_draw_ppa_buf.c...
compiling lv_draw_ppa_fill.c...
compiling lv_draw_ppa_img.c...
compiling lv_draw_eve.c...
compiling lv_draw_eve_arc.c...
compiling lv_draw_eve_fill.c...
compiling lv_draw_eve_image.c...
compiling lv_draw_eve_letter.c...
compiling lv_draw_eve_line.c...
compiling lv_draw_eve_ram_g.c...
compiling lv_draw_eve_triangle.c...
compiling lv_eve.c...
compiling lv_draw_nanovg.c...
compiling lv_draw_nanovg_3d.c...
compiling lv_draw_nanovg_arc.c...
compiling lv_draw_nanovg_border.c...
compiling lv_draw_nanovg_box_shadow.c...
compiling lv_draw_nanovg_fill.c...
compiling lv_draw_nanovg_grad.c...
compiling lv_draw_nanovg_image.c...
compiling lv_draw_nanovg_label.c...
compiling lv_draw_nanovg_layer.c...
compiling lv_draw_nanovg_line.c...
compiling lv_draw_nanovg_mask_rect.c...
compiling lv_draw_nanovg_triangle.c...
compiling lv_draw_nanovg_vector.c...
compiling lv_nanovg_fbo_cache.c...
compiling lv_nanovg_image_cache.c...
compiling lv_nanovg_utils.c...
compiling lv_draw_nema_gfx.c...
compiling lv_draw_nema_gfx_arc.c...
compiling lv_draw_nema_gfx_border.c...
compiling lv_draw_nema_gfx_fill.c...
compiling lv_draw_nema_gfx_img.c...
compiling lv_draw_nema_gfx_label.c...
compiling lv_draw_nema_gfx_layer.c...
compiling lv_draw_nema_gfx_line.c...
compiling lv_draw_nema_gfx_stm32_hal.c...
compiling lv_draw_nema_gfx_triangle.c...
compiling lv_draw_nema_gfx_utils.c...
compiling lv_draw_nema_gfx_vector.c...
compiling lv_nema_gfx_path.c...
compiling lv_draw_buf_g2d.c...
compiling lv_draw_g2d.c...
compiling lv_draw_g2d_fill.c...
compiling lv_draw_g2d_img.c...
compiling lv_g2d_buf_map.c...
compiling lv_g2d_utils.c...
compiling lv_draw_buf_pxp.c...
compiling lv_draw_pxp.c...
compiling lv_draw_pxp_fill.c...
compiling lv_draw_pxp_img.c...
compiling lv_draw_pxp_layer.c...
compiling lv_pxp_cfg.c...
compiling lv_pxp_osa.c...
compiling lv_pxp_utils.c...
compiling lv_draw_opengles.c...
compiling lv_draw_dave2d.c...
compiling lv_draw_dave2d_arc.c...
compiling lv_draw_dave2d_border.c...
compiling lv_draw_dave2d_fill.c...
compiling lv_draw_dave2d_image.c...
compiling lv_draw_dave2d_label.c...
compiling lv_draw_dave2d_line.c...
compiling lv_draw_dave2d_mask_rectangle.c...
compiling lv_draw_dave2d_triangle.c...
compiling lv_draw_dave2d_utils.c...
compiling lv_draw_sdl.c...
compiling lv_snapshot.c...
compiling lv_draw_sw.c...
compiling lv_draw_sw_arc.c...
compiling lv_draw_sw_blur.c...
compiling lv_draw_sw_border.c...
compiling lv_draw_sw_box_shadow.c...
compiling lv_draw_sw_fill.c...
compiling lv_draw_sw_grad.c...
compiling lv_draw_sw_img.c...
compiling lv_draw_sw_letter.c...
src\draw\sw\lv_draw_sw_letter.c(210): warning:  #111-D: statement is unreachable
                  break;
src\draw\sw\lv_draw_sw_letter.c: 1 warning, 0 errors
compiling lv_draw_sw_line.c...
compiling lv_draw_sw_mask.c...
compiling lv_draw_sw_mask_rect.c...
compiling lv_draw_sw_transform.c...
compiling lv_draw_sw_triangle.c...
compiling lv_draw_sw_utils.c...
compiling lv_draw_sw_vector.c...
compiling lv_draw_sw_blend.c...
compiling lv_draw_sw_blend_to_a8.c...
compiling lv_draw_sw_blend_to_al88.c...
compiling lv_draw_sw_blend_to_argb8888.c...
compiling lv_draw_sw_blend_to_argb8888_premultiplied.c...
compiling lv_draw_sw_blend_to_i1.c...
compiling lv_draw_sw_blend_to_l8.c...
compiling lv_draw_sw_blend_to_rgb565.c...
compiling lv_draw_sw_blend_to_rgb565_swapped.c...
compiling lv_draw_sw_blend_to_rgb888.c...
compiling lv_draw_sw_blend_neon_to_rgb565.c...
compiling lv_draw_sw_blend_neon_to_rgb888.c...
compiling lv_draw_sw_blend_riscv_v_to_rgb888.c...
src\draw\sw\blend\riscv_v\lv_draw_sw_blend_riscv_v_to_rgb888.c(1643): warning:  #1-D: last line of file ends without a newline
  #endif /* LV_USE_DRAW_SW_ASM == LV_DRAW_SW_ASM_RISCV_V */
src\draw\sw\blend\riscv_v\lv_draw_sw_blend_riscv_v_to_rgb888.c: 1 warning, 0 errors
compiling lv_draw_buf_vg_lite.c...
compiling lv_draw_vg_lite.c...
compiling lv_draw_vg_lite_arc.c...
compiling lv_draw_vg_lite_border.c...
compiling lv_draw_vg_lite_box_shadow.c...
compiling lv_draw_vg_lite_fill.c...
compiling lv_draw_vg_lite_img.c...
compiling lv_draw_vg_lite_label.c...
compiling lv_draw_vg_lite_layer.c...
compiling lv_draw_vg_lite_line.c...
compiling lv_draw_vg_lite_mask_rect.c...
compiling lv_draw_vg_lite_triangle.c...
compiling lv_draw_vg_lite_vector.c...
compiling lv_vg_lite_bitmap_font_cache.c...
compiling lv_vg_lite_decoder.c...
compiling lv_vg_lite_grad.c...
compiling lv_vg_lite_math.c...
compiling lv_vg_lite_path.c...
compiling lv_vg_lite_pending.c...
compiling lv_vg_lite_stroke.c...
compiling lv_vg_lite_utils.c...
compiling lv_linux_drm.c...
compiling lv_linux_drm_common.c...
compiling lv_linux_drm_egl.c...
compiling lv_linux_fbdev.c...
compiling lv_ft81x.c...
compiling lv_ili9341.c...
compiling lv_lcd_generic_mipi.c...
compiling lv_nv3007.c...
compiling lv_nxp_elcdif.c...
compiling lv_renesas_glcdc.c...
compiling lv_st7735.c...
compiling lv_st7789.c...
compiling lv_st7796.c...
compiling lv_st_ltdc.c...
compiling lv_draw_eve_display.c...
compiling lv_evdev.c...
compiling lv_libinput.c...
compiling lv_xkb.c...
compiling lv_nuttx_cache.c...
compiling lv_nuttx_entry.c...
compiling lv_nuttx_fbdev.c...
compiling lv_nuttx_image_cache.c...
compiling lv_nuttx_lcd.c...
compiling lv_nuttx_libuv.c...
compiling lv_nuttx_mouse.c...
compiling lv_nuttx_profiler.c...
compiling lv_nuttx_touchscreen.c...
compiling lv_opengles_debug.c...
compiling lv_opengles_driver.c...
compiling lv_opengles_egl.c...
compiling lv_opengles_glfw.c...
compiling lv_opengles_texture.c...
compiling lv_opengles_shader.c...
compiling egl.c...
compiling gl.c...
compiling gles2.c...
compiling lv_opengl_shader_manager.c...
compiling lv_opengl_shader_program.c...
compiling lv_qnx.c...
compiling lv_sdl_egl.c...
compiling lv_sdl_keyboard.c...
compiling lv_sdl_mouse.c...
compiling lv_sdl_mousewheel.c...
compiling lv_sdl_sw.c...
compiling lv_sdl_texture.c...
compiling lv_sdl_window.c...
compiling lv_uefi_context.c...
compiling lv_uefi_display.c...
compiling lv_uefi_indev_keyboard.c...
compiling lv_uefi_indev_pointer.c...
compiling lv_uefi_indev_touch.c...
compiling lv_uefi_private.c...
compiling lv_wayland.c...
compiling lv_wl_egl_backend.c...
compiling lv_wl_g2d_backend.c...
compiling lv_wl_keyboard.c...
compiling lv_wl_pointer.c...
compiling lv_wl_seat.c...
compiling lv_wl_shm_backend.c...
compiling lv_wl_touch.c...
compiling lv_wl_window.c...
compiling lv_wl_xdg_shell.c...
compiling lv_windows_context.c...
compiling lv_windows_display.c...
compiling lv_windows_input.c...
compiling lv_x11_display.c...
compiling lv_x11_input.c...
compiling lv_font.c...
compiling lv_font_dejavu_16_persian_hebrew.c...
compiling lv_font_montserrat_10.c...
compiling lv_font_montserrat_12.c...
compiling lv_font_montserrat_14.c...
compiling lv_font_montserrat_14_aligned.c...
compiling lv_font_montserrat_16.c...
compiling lv_font_montserrat_18.c...
compiling lv_font_montserrat_20.c...
compiling lv_font_montserrat_22.c...
compiling lv_font_montserrat_24.c...
compiling lv_font_montserrat_26.c...
compiling lv_font_montserrat_28.c...
compiling lv_font_montserrat_28_compressed.c...
compiling lv_font_montserrat_30.c...
compiling lv_font_montserrat_32.c...
compiling lv_font_montserrat_34.c...
compiling lv_font_montserrat_36.c...
compiling lv_font_montserrat_38.c...
compiling lv_font_montserrat_40.c...
compiling lv_font_montserrat_42.c...
compiling lv_font_montserrat_44.c...
compiling lv_font_montserrat_46.c...
compiling lv_font_montserrat_48.c...
compiling lv_font_montserrat_8.c...
compiling lv_font_source_han_sans_sc_14_cjk.c...
compiling lv_font_source_han_sans_sc_16_cjk.c...
compiling lv_font_unscii_16.c...
compiling lv_font_unscii_8.c...
compiling lv_binfont_loader.c...
compiling lv_font_fmt_txt.c...
src\font\fmt_txt\lv_font_fmt_txt.c(219): warning:  #111-D: statement is unreachable
      return NULL;
src\font\fmt_txt\lv_font_fmt_txt.c: 1 warning, 0 errors
compiling lv_font_manager.c...
compiling lv_font_manager_recycle.c...
compiling lv_imgfont.c...
compiling lv_gridnav.c...
compiling lv_indev.c...
compiling lv_indev_gesture.c...
compiling lv_indev_scroll.c...
compiling lv_layout.c...
compiling lv_flex.c...
compiling lv_grid.c...
compiling code128.c...
compiling lv_barcode.c...
compiling lv_bin_decoder.c...
compiling lv_bmp.c...
compiling lv_ffmpeg.c...
compiling lv_freetype.c...
compiling lv_freetype_glyph.c...
compiling lv_freetype_image.c...
compiling lv_freetype_outline.c...
compiling lv_ftsystem.c...
compiling decomp_raw.c...
compiling frogfs.c...
compiling lv_fs_cbfs.c...
src\libs\fsdrv\lv_fs_cbfs.c(7): warning:  #177-D: function "nothing" was declared but never referenced
  IS_NOT_USED static void nothing(void)
src\libs\fsdrv\lv_fs_cbfs.c: 1 warning, 0 errors
compiling lv_fs_fatfs.c...
compiling lv_fs_frogfs.c...
compiling lv_fs_littlefs.c...
compiling lv_fs_memfs.c...
compiling lv_fs_posix.c...
compiling lv_fs_stdio.c...
compiling lv_fs_uefi.c...
compiling lv_fs_win32.c...
compiling EVE_commands.c...
compiling EVE_supplemental.c...
compiling gif.c...
compiling lv_gltf_ibl_sampler.c...
compiling chromatic.c...
compiling lv_gltf_view_shader.c...
compiling lv_3dmath.c...
compiling lv_gstreamer.c...
compiling lv_libjpeg_turbo.c...
compiling lv_libpng.c...
compiling lv_libwebp.c...
compiling lodepng.c...
compiling lv_lodepng.c...
compiling lz4.c...
compiling nanovg.c...
compiling lv_qrcode.c...
compiling qrcodegen.c...
compiling lv_rle.c...
compiling lv_rlottie.c...
compiling lv_svg.c...
compiling lv_svg_decoder.c...
compiling lv_svg_parser.c...
compiling lv_svg_render.c...
compiling lv_svg_token.c...
compiling lv_tiny_ttf.c...
compiling lv_tjpgd.c...
compiling tjpgd.c...
compiling lv_vg_lite_hal.c...
compiling vg_lite_os.c...
compiling vg_lite.c...
compiling vg_lite_image.c...
compiling vg_lite_matrix.c...
compiling vg_lite_path.c...
compiling vg_lite_stroke.c...
compiling vg_lite_kernel.c...
compiling lv_anim.c...
compiling lv_anim_timeline.c...
compiling lv_area.c...
compiling lv_array.c...
compiling lv_async.c...
compiling lv_bidi.c...
compiling lv_circle_buf.c...
compiling lv_color.c...
compiling lv_color_op.c...
compiling lv_event.c...
compiling lv_fs.c...
compiling lv_grad.c...
compiling lv_iter.c...
compiling lv_ll.c...
compiling lv_log.c...
compiling lv_lru.c...
src\misc\lv_lru.c(237): warning:  #68-D: integer conversion resulted in a change of sign
      uint32_t i = 0, min_index = -1;
src\misc\lv_lru.c(238): warning:  #68-D: integer conversion resulted in a change of sign
      uint64_t min_access_count = -1;
src\misc\lv_lru.c: 2 warnings, 0 errors
compiling lv_math.c...
compiling lv_matrix.c...
compiling lv_palette.c...
compiling lv_pending.c...
compiling lv_profiler_builtin.c...
compiling lv_profiler_builtin_posix.c...
compiling lv_rb.c...
src\misc\lv_rb.c(429): warning:  #1293-D: assignment in condition
      while((parent = node->parent) && parent->color == LV_RB_COLOR_RED) {
src\misc\lv_rb.c: 1 warning, 0 errors
compiling lv_style.c...
compiling lv_style_gen.c...
compiling lv_templ.c...
compiling lv_text.c...
compiling lv_text_ap.c...
compiling lv_timer.c...
compiling lv_tree.c...
compiling lv_utils.c...
compiling lv_cache.c...
compiling lv_cache_entry.c...
compiling lv_cache_lru_ll.c...
compiling lv_cache_lru_rb.c...
src\misc\cache\class\lv_cache_lru_rb.c(161): warning:  #546-D: transfer of control bypasses initialization of:
            variable "data" (declared at line 163)
            variable "entry" (declared at line 164)
            variable "lru_node" (declared at line 167)
          goto FAILED_HANDLER2;
          ^
src\misc\cache\class\lv_cache_lru_rb.c: 1 warning, 0 errors
compiling lv_cache_sc_da.c...
compiling lv_image_cache.c...
compiling lv_image_header_cache.c...
compiling lv_cmsis_rtos2.c...
compiling lv_freertos.c...
compiling lv_linux.c...
compiling lv_mqx.c...
compiling lv_os.c...
compiling lv_os_none.c...
compiling lv_pthread.c...
compiling lv_rtthread.c...
compiling lv_sdl2.c...
compiling lv_windows.c...
compiling lv_file_explorer.c...
compiling lv_fragment.c...
compiling lv_fragment_manager.c...
compiling lv_translation.c...
compiling lv_mem.c...
compiling lv_mem_core_builtin.c...
compiling lv_sprintf_builtin.c...
compiling lv_string_builtin.c...
compiling lv_tlsf.c...
src\stdlib\builtin\lv_tlsf.c(897): warning:  #68-D: integer conversion resulted in a change of sign
          offset_to_block(pool, -(int)block_header_overhead);
src\stdlib\builtin\lv_tlsf.c(999): warning:  #68-D: integer conversion resulted in a change of sign
      block = offset_to_block(mem, -(tlsfptr_t)block_header_overhead);
src\stdlib\builtin\lv_tlsf.c(1017): warning:  #68-D: integer conversion resulted in a change of sign
      block_header_t * block = offset_to_block(pool, -(int)block_header_overhead);
src\stdlib\builtin\lv_tlsf.c: 3 warnings, 0 errors
compiling lv_mem_core_clib.c...
compiling lv_sprintf_clib.c...
compiling lv_string_clib.c...
compiling lv_mem_core_micropython.c...
compiling lv_mem_core_rtthread.c...
compiling lv_sprintf_rtthread.c...
compiling lv_string_rtthread.c...
compiling lv_mem_core_uefi.c...
compiling lv_theme.c...
compiling lv_theme_default.c...
compiling lv_theme_mono.c...
compiling lv_theme_simple.c...
compiling lv_tick.c...
compiling lv_3dtexture.c...
compiling lv_animimage.c...
compiling lv_arc.c...
compiling lv_arclabel.c...
compiling lv_bar.c...
compiling lv_button.c...
compiling lv_buttonmatrix.c...
compiling lv_calendar.c...
compiling lv_calendar_chinese.c...
compiling lv_calendar_header_arrow.c...
compiling lv_calendar_header_dropdown.c...
compiling lv_canvas.c...
compiling lv_chart.c...
compiling lv_checkbox.c...
compiling lv_dropdown.c...
compiling lv_gif.c...
compiling lv_image.c...
compiling lv_imagebutton.c...
compiling lv_ime_pinyin.c...
compiling lv_keyboard.c...
compiling lv_label.c...
compiling lv_led.c...
compiling lv_line.c...
compiling lv_list.c...
compiling lv_lottie.c...
compiling lv_menu.c...
compiling lv_msgbox.c...
compiling lv_objx_templ.c...
compiling lv_animimage_properties.c...
compiling lv_arc_properties.c...
compiling lv_bar_properties.c...
compiling lv_buttonmatrix_properties.c...
compiling lv_chart_properties.c...
compiling lv_checkbox_properties.c...
compiling lv_dropdown_properties.c...
compiling lv_image_properties.c...
compiling lv_keyboard_properties.c...
compiling lv_label_properties.c...
compiling lv_led_properties.c...
compiling lv_line_properties.c...
compiling lv_menu_properties.c...
compiling lv_obj_properties.c...
compiling lv_roller_properties.c...
compiling lv_scale_properties.c...
compiling lv_slider_properties.c...
compiling lv_span_properties.c...
compiling lv_spinbox_properties.c...
compiling lv_spinner_properties.c...
compiling lv_style_properties.c...
compiling lv_switch_properties.c...
compiling lv_table_properties.c...
compiling lv_tabview_properties.c...
compiling lv_textarea_properties.c...
compiling lv_roller.c...
compiling lv_scale.c...
compiling lv_slider.c...
compiling lv_span.c...
src\widgets\span\lv_span.c(1248): warning:  #546-D: transfer of control bypasses initialization of:
            variable "align_ofs" (declared at line 1262)
            variable "txts_w" (declared at line 1263)
              goto Next_line_init;
              ^
src\widgets\span\lv_span.c: 1 warning, 0 errors
compiling lv_spinbox.c...
compiling lv_spinner.c...
compiling lv_switch.c...
compiling lv_table.c...
compiling lv_tabview.c...
compiling lv_textarea.c...
compiling lv_tileview.c...
compiling lv_win.c...
compiling misc.c...
compiling stm32f4xx_adc.c...
compiling stm32f4xx_fsmc.c...
compiling stm32f4xx_gpio.c...
compiling stm32f4xx_rcc.c...
compiling stm32f4xx_tim.c...
compiling stm32f4xx_usart.c...
assembling startup_stm32f40_41xxx.s...
compiling system_stm32f4xx.c...
".\Objects\main.axf" - 14 Error(s), 52 Warning(s).
Target not created.
